<?xml version="1.0" encoding="UTF-8"?>
<!-- Generated by org.testng.reporters.JUnitXMLReporter -->
<testsuite hostname="DESKTOP-L0EM54K" ignored="8" name="Default test" tests="2" failures="0" timestamp="06 Jan 2019 17:35:55 GMT" time="25.412" errors="0">
  <testcase name="cinema" time="5.497" classname="com.guru99.pagefiles.HomePage"/>
  <testcase name="cinema2" time="6.822" classname="com.guru99.pagefiles.HomePage"/>
  <testcase name="@AfterSuite afterSuite" time="0.0" classname="com.guru99.utils.Initialize">
    <ignored/>
  </testcase> <!-- @AfterSuite afterSuite -->
  <testcase name="@AfterSuite afterSuite" time="0.0" classname="com.guru99.utils.Initialize">
    <ignored/>
  </testcase> <!-- @AfterSuite afterSuite -->
  <testcase name="@AfterSuite afterSuite" time="0.0" classname="com.guru99.utils.Initialize">
    <ignored/>
  </testcase> <!-- @AfterSuite afterSuite -->
  <testcase name="@AfterSuite afterSuite" time="0.0" classname="com.guru99.utils.Initialize">
    <ignored/>
  </testcase> <!-- @AfterSuite afterSuite -->
  <testcase name="@BeforeSuite beforeSuite" time="0.0" classname="com.guru99.utils.Initialize">
    <ignored/>
  </testcase> <!-- @BeforeSuite beforeSuite -->
  <testcase name="@BeforeSuite beforeSuite" time="0.0" classname="com.guru99.utils.Initialize">
    <ignored/>
  </testcase> <!-- @BeforeSuite beforeSuite -->
  <testcase name="@BeforeSuite beforeSuite" time="0.0" classname="com.guru99.utils.Initialize">
    <ignored/>
  </testcase> <!-- @BeforeSuite beforeSuite -->
  <testcase name="@BeforeSuite beforeSuite" time="0.0" classname="com.guru99.utils.Initialize">
    <ignored/>
  </testcase> <!-- @BeforeSuite beforeSuite -->
</testsuite> <!-- Default test -->
