<?xml version="1.0" encoding="UTF-8"?>
<testng-results skipped="0" failed="0" ignored="0" total="2" passed="2">
  <reporter-output>
  </reporter-output>
  <suite name="Suite" duration-ms="64964" started-at="2019-01-07T04:12:47Z" finished-at="2019-01-07T04:13:52Z">
    <groups>
    </groups>
    <test name="Test" duration-ms="64964" started-at="2019-01-07T04:12:47Z" finished-at="2019-01-07T04:13:52Z">
      <class name="com.guru99.pagefiles.HomePage">
        <test-method status="PASS" signature="beforeSuite()[pri:0, instance:com.guru99.pagefiles.HomePage@14acaea5]" name="beforeSuite" is-config="true" duration-ms="173" started-at="2019-01-07T04:12:47Z" finished-at="2019-01-07T04:12:47Z">
          <reporter-output>
          </reporter-output>
        </test-method> <!-- beforeSuite -->
        <test-method status="PASS" signature="beforeMethod(java.lang.reflect.Method)[pri:0, instance:com.guru99.pagefiles.HomePage@14acaea5]" name="beforeMethod" is-config="true" duration-ms="43728" started-at="2019-01-07T04:12:47Z" finished-at="2019-01-07T04:13:31Z">
          <params>
            <param index="0">
              <value>
                <![CDATA[public void com.guru99.pagefiles.HomePage.cinema()]]>
              </value>
            </param>
          </params>
          <reporter-output>
          </reporter-output>
        </test-method> <!-- beforeMethod -->
        <test-method status="PASS" signature="cinema()[pri:0, instance:com.guru99.pagefiles.HomePage@14acaea5]" name="cinema" duration-ms="5479" started-at="2019-01-07T04:13:31Z" finished-at="2019-01-07T04:13:36Z">
          <reporter-output>
          </reporter-output>
        </test-method> <!-- cinema -->
        <test-method status="PASS" signature="afterMethod(java.lang.reflect.Method)[pri:0, instance:com.guru99.pagefiles.HomePage@14acaea5]" name="afterMethod" is-config="true" duration-ms="1552" started-at="2019-01-07T04:13:36Z" finished-at="2019-01-07T04:13:38Z">
          <params>
            <param index="0">
              <value>
                <![CDATA[public void com.guru99.pagefiles.HomePage.cinema()]]>
              </value>
            </param>
          </params>
          <reporter-output>
          </reporter-output>
        </test-method> <!-- afterMethod -->
        <test-method status="PASS" signature="beforeMethod(java.lang.reflect.Method)[pri:0, instance:com.guru99.pagefiles.HomePage@14acaea5]" name="beforeMethod" is-config="true" duration-ms="6781" started-at="2019-01-07T04:13:38Z" finished-at="2019-01-07T04:13:45Z">
          <params>
            <param index="0">
              <value>
                <![CDATA[public void com.guru99.pagefiles.HomePage.cinema2()]]>
              </value>
            </param>
          </params>
          <reporter-output>
          </reporter-output>
        </test-method> <!-- beforeMethod -->
        <test-method status="PASS" signature="cinema2()[pri:0, instance:com.guru99.pagefiles.HomePage@14acaea5]" name="cinema2" duration-ms="6837" started-at="2019-01-07T04:13:45Z" finished-at="2019-01-07T04:13:51Z">
          <reporter-output>
          </reporter-output>
        </test-method> <!-- cinema2 -->
        <test-method status="PASS" signature="afterMethod(java.lang.reflect.Method)[pri:0, instance:com.guru99.pagefiles.HomePage@14acaea5]" name="afterMethod" is-config="true" duration-ms="571" started-at="2019-01-07T04:13:51Z" finished-at="2019-01-07T04:13:52Z">
          <params>
            <param index="0">
              <value>
                <![CDATA[public void com.guru99.pagefiles.HomePage.cinema2()]]>
              </value>
            </param>
          </params>
          <reporter-output>
          </reporter-output>
        </test-method> <!-- afterMethod -->
        <test-method status="PASS" signature="afterSuite()[pri:0, instance:com.guru99.pagefiles.HomePage@14acaea5]" name="afterSuite" is-config="true" duration-ms="704" started-at="2019-01-07T04:13:52Z" finished-at="2019-01-07T04:13:53Z">
          <reporter-output>
          </reporter-output>
        </test-method> <!-- afterSuite -->
      </class> <!-- com.guru99.pagefiles.HomePage -->
    </test> <!-- Test -->
  </suite> <!-- Suite -->
</testng-results>
